<?xml version="1.0" encoding="UTF-8" ?>
<testsuite tests="5" failures="0" name="com.blog.test.ForumTest" time="7.854" errors="0" skipped="4">
  <properties>
[...]
</properties>
  <testcase classname="com.blog.test.ForumTest" name="testDeleteForum" time="0.932">
    <skipped/>
    <system-err>Sep 26, 2018 2:46:44 PM org.springframework.context.annotation.AnnotationConfigApplicationContext prepareRefresh
INFO: Refreshing org.springframework.context.annotation.AnnotationConfigApplicationContext@1095d23a: startup date [Wed Sep 26 14:46:44 IST 2018]; root of context hierarchy
Sep 26, 2018 2:46:45 PM org.springframework.jdbc.datasource.DriverManagerDataSource setDriverClassName
INFO: Loaded JDBC driver: oracle.jdbc.driver.OracleDriver
Sep 26, 2018 2:46:45 PM org.hibernate.dialect.Dialect &lt;init&gt;
INFO: HHH000400: Using dialect: org.hibernate.dialect.Oracle10gDialect
Sep 26, 2018 2:46:45 PM org.hibernate.type.spi.TypeConfiguration$Scope setSessionFactory
WARN: HHH000233: Scoping types to session factory org.hibernate.internal.SessionFactoryImpl@49433c98 after already scoped org.hibernate.internal.SessionFactoryImpl@49433c98
Sep 26, 2018 2:46:45 PM org.springframework.orm.hibernate5.HibernateTransactionManager afterPropertiesSet
INFO: Using DataSource [org.springframework.jdbc.datasource.DriverManagerDataSource@2c748a15] of Hibernate SessionFactory for HibernateTransactionManager
</system-err>
  </testcase>
  <testcase classname="com.blog.test.ForumTest" name="testGetForum" time="0.932">
    <skipped/>
  </testcase>
  <testcase classname="com.blog.test.ForumTest" name="testUpdateForum" time="0.932">
    <skipped/>
  </testcase>
  <testcase classname="com.blog.test.ForumTest" name="testGetForumList" time="0.932">
    <skipped/>
  </testcase>
  <testcase classname="com.blog.test.ForumTest" name="testAddForum" time="4.126"/>
</testsuite>